<?xml version="1.0" encoding="UTF-8"?>
<testng-results skipped="0" failed="0" ignored="0" total="1" passed="1">
  <reporter-output>
  </reporter-output>
  <suite name="Crm Regression Test suite" duration-ms="44307" started-at="2020-08-29T19:39:49 IST" finished-at="2020-08-29T19:40:33 IST">
    <groups>
    </groups>
    <test name="Crm tests" duration-ms="44307" started-at="2020-08-29T19:39:49 IST" finished-at="2020-08-29T19:40:33 IST">
      <class name="com.crm.testscripts.AccountTest">
        <test-method status="PASS" signature="init()[pri:0, instance:com.crm.testscripts.AccountTest@2758fe70]" name="init" is-config="true" duration-ms="13986" started-at="2020-08-29T19:39:49 IST" finished-at="2020-08-29T19:40:03 IST">
          <reporter-output>
          </reporter-output>
        </test-method> <!-- init -->
        <test-method status="PASS" signature="composeAnEmail()[pri:0, instance:com.crm.testscripts.AccountTest@2758fe70]" name="composeAnEmail" duration-ms="30273" started-at="2020-08-29T19:40:03 IST" description="Compose Email Test" finished-at="2020-08-29T19:40:33 IST">
          <reporter-output>
          </reporter-output>
        </test-method> <!-- composeAnEmail -->
      </class> <!-- com.crm.testscripts.AccountTest -->
    </test> <!-- Crm tests -->
  </suite> <!-- Crm Regression Test suite -->
</testng-results>
